c:\users\mahmoudi5\documents\visual studio 2013\projects\airhockey\airhockey\debug\vc120.pdb
c:\users\mahmoudi5\documents\visual studio 2013\projects\airhockey\airhockey\debug\vc120.idb
c:\users\mahmoudi5\documents\visual studio 2013\projects\airhockey\airhockey\debug\airhockeygame.obj
c:\users\mahmoudi5\documents\visual studio 2013\projects\airhockey\airhockey\debug\backbuffer.obj
c:\users\mahmoudi5\documents\visual studio 2013\projects\airhockey\airhockey\debug\circle.obj
c:\users\mahmoudi5\documents\visual studio 2013\projects\airhockey\airhockey\debug\mainapp.obj
c:\users\mahmoudi5\documents\visual studio 2013\projects\airhockey\airhockey\debug\rect.obj
c:\users\mahmoudi5\documents\visual studio 2013\projects\airhockey\airhockey\debug\sprite.obj
c:\users\mahmoudi5\documents\visual studio 2013\projects\airhockey\airhockey\debug\vec2.obj
c:\users\mahmoudi5\documents\visual studio 2013\projects\airhockey\airhockey\debug\titlescreen.obj
c:\users\mahmoudi5\documents\visual studio 2013\projects\airhockey\debug\airhockey.ilk
c:\users\mahmoudi5\documents\visual studio 2013\projects\airhockey\debug\airhockey.exe
c:\users\mahmoudi5\documents\visual studio 2013\projects\airhockey\debug\airhockey.pdb
c:\users\mahmoudi5\documents\visual studio 2013\projects\airhockey\airhockey\debug\airhockey.res
g:\win32 projects\airhockey\airhockey\debug\airhockeygame.obj
g:\win32 projects\airhockey\airhockey\debug\backbuffer.obj
g:\win32 projects\airhockey\airhockey\debug\circle.obj
g:\win32 projects\airhockey\airhockey\debug\mainapp.obj
g:\win32 projects\airhockey\airhockey\debug\rect.obj
g:\win32 projects\airhockey\airhockey\debug\sprite.obj
g:\win32 projects\airhockey\airhockey\debug\titlescreen.obj
g:\win32 projects\airhockey\airhockey\debug\vec2.obj
g:\win32 projects\airhockey\airhockey\debug\airhockey.res
g:\win32 projects\airhockey\airhockey\debug\vc120.idb
g:\win32 projects\airhockey\airhockey\debug\vc120.pdb
g:\win32 projects\airhockey\debug\airhockey.pdb
g:\win32 projects\airhockey\debug\airhockey.exe
g:\win32 projects\airhockey\debug\airhockey.ilk
g:\win32 projects\airhockey\airhockey\debug\airhockey.tlog\cl.command.1.tlog
g:\win32 projects\airhockey\airhockey\debug\airhockey.tlog\cl.read.1.tlog
g:\win32 projects\airhockey\airhockey\debug\airhockey.tlog\cl.write.1.tlog
g:\win32 projects\airhockey\airhockey\debug\airhockey.tlog\link.command.1.tlog
g:\win32 projects\airhockey\airhockey\debug\airhockey.tlog\link.read.1.tlog
g:\win32 projects\airhockey\airhockey\debug\airhockey.tlog\link.write.1.tlog
g:\win32 projects\airhockey\airhockey\debug\airhockey.tlog\rc.command.1.tlog
g:\win32 projects\airhockey\airhockey\debug\airhockey.tlog\rc.read.1.tlog
g:\win32 projects\airhockey\airhockey\debug\airhockey.tlog\rc.write.1.tlog
